[debug] [2021-06-05T04:20:09.005Z] ----------------------------------------------------------------------
[debug] [2021-06-05T04:20:09.007Z] Command:       /usr/local/bin/node /usr/local/bin/firebase init
[debug] [2021-06-05T04:20:09.007Z] CLI Version:   9.12.1
[debug] [2021-06-05T04:20:09.007Z] Platform:      darwin
[debug] [2021-06-05T04:20:09.007Z] Node Version:  v12.18.3
[debug] [2021-06-05T04:20:09.008Z] Time:          Sat Jun 05 2021 00:20:09 GMT-0400 (Eastern Daylight Time)
[debug] [2021-06-05T04:20:09.008Z] ----------------------------------------------------------------------
[debug] 
[debug] [2021-06-05T04:20:09.010Z] >>> [apiv2][query] GET https://firebase-public.firebaseio.com/cli.json [none]
[debug] [2021-06-05T04:20:09.029Z] > command requires scopes: ["email","openid","https://www.googleapis.com/auth/cloudplatformprojects.readonly","https://www.googleapis.com/auth/firebase","https://www.googleapis.com/auth/cloud-platform"]
[debug] [2021-06-05T04:20:09.029Z] > authorizing via signed-in user (ciskanikjf@gmail.com)
[info] 
     ######## #### ########  ######## ########     ###     ######  ########
     ##        ##  ##     ## ##       ##     ##  ##   ##  ##       ##
     ######    ##  ########  ######   ########  #########  ######  ######
     ##        ##  ##    ##  ##       ##     ## ##     ##       ## ##
     ##       #### ##     ## ######## ########  ##     ##  ######  ########

You're about to initialize a Firebase project in this directory:

  /Users/jamesciskanik/todoApp-functions

Before we get started, keep in mind:

  * You are initializing in an existing Firebase project directory

[debug] [2021-06-05T04:20:09.233Z] <<< [apiv2][status] GET https://firebase-public.firebaseio.com/cli.json 200
[debug] [2021-06-05T04:20:09.234Z] <<< [apiv2][body] GET https://firebase-public.firebaseio.com/cli.json {"cloudBuildErrorAfter":1594252800000,"cloudBuildWarnAfter":1590019200000,"defaultNode10After":1594252800000,"minVersion":"3.0.5","node8DeploysDisabledAfter":1613390400000,"node8RuntimeDisabledAfter":1615809600000,"node8WarnAfter":1600128000000}
[info] 
=== Project Setup
[info] 
[info] First, let's associate this project directory with a Firebase project.
[info] You can create multiple project aliases by running firebase use --add, 
[info] but for now we'll just set up a default project.
[info] 
[info] i  .firebaserc already has a default project, using todoapp-50681. 
[debug] [2021-06-05T04:20:35.969Z] > refreshing access token with scopes: []
[debug] [2021-06-05T04:20:35.969Z] >>> HTTP REQUEST POST https://www.googleapis.com/oauth2/v3/token  
 <request body omitted>
[debug] [2021-06-05T04:20:36.086Z] <<< HTTP RESPONSE 200 {"date":"Sat, 05 Jun 2021 04:20:36 GMT","expires":"Mon, 01 Jan 1990 00:00:00 GMT","pragma":"no-cache","cache-control":"no-cache, no-store, max-age=0, must-revalidate","content-type":"application/json; charset=utf-8","vary":"X-Origin, Referer, Origin,Accept-Encoding","server":"scaffolding on HTTPServer2","x-xss-protection":"0","x-frame-options":"SAMEORIGIN","x-content-type-options":"nosniff","alt-svc":"h3-29=\":443\"; ma=2592000,h3-T051=\":443\"; ma=2592000,h3-Q050=\":443\"; ma=2592000,h3-Q046=\":443\"; ma=2592000,h3-Q043=\":443\"; ma=2592000,quic=\":443\"; ma=2592000; v=\"46,43\"","accept-ranges":"none","transfer-encoding":"chunked"}
[debug] [2021-06-05T04:20:36.150Z] >>> [apiv2][query] GET https://firebase.googleapis.com/v1beta1/projects/todoapp-50681 [none]
[debug] [2021-06-05T04:20:36.415Z] <<< [apiv2][status] GET https://firebase.googleapis.com/v1beta1/projects/todoapp-50681 200
[debug] [2021-06-05T04:20:36.415Z] <<< [apiv2][body] GET https://firebase.googleapis.com/v1beta1/projects/todoapp-50681 {"projectId":"todoapp-50681","projectNumber":"91160282442","displayName":"todoApp","name":"projects/todoapp-50681","resources":{"hostingSite":"todoapp-50681","storageBucket":"todoapp-50681.appspot.com","locationId":"us-central"},"state":"ACTIVE"}
[info] 
=== Hosting Setup
[info] 
[info] Your public directory is the folder (relative to your project directory) that
[info] will contain Hosting assets to be uploaded with firebase deploy. If you
[info] have a build process for your assets, use your build's output directory.
[info] 
[debug] [2021-06-05T04:21:27.183Z] >>> [apiv2][query] GET https://www.gstatic.com/firebasejs/releases.json [none]
[debug] [2021-06-05T04:21:27.373Z] <<< [apiv2][status] GET https://www.gstatic.com/firebasejs/releases.json 200
[debug] [2021-06-05T04:21:27.373Z] <<< [apiv2][body] GET https://www.gstatic.com/firebasejs/releases.json {"current":{"version":"8.6.5","browserURL":"https://www.gstatic.com/firebasejs/8.6.5/firebase.js","packageURL":"https://www.gstatic.com/firebasejs/8.6.5/firebase.tgz"},"live":{"version":"8.6","browserURL":"https://www.gstatic.com/firebasejs/live/8.6/firebase.js","packageURL":"https://www.gstatic.com/firebasejs/live/8.6/firebase.tgz"},"components":{"analytics":"https://www.gstatic.com/firebasejs/8.6.5/firebase-analytics.js","app":"https://www.gstatic.com/firebasejs/8.6.5/firebase-app.js","app-check":"https://www.gstatic.com/firebasejs/8.6.5/firebase-app-check.js","auth":"https://www.gstatic.com/firebasejs/8.6.5/firebase-auth.js","database":"https://www.gstatic.com/firebasejs/8.6.5/firebase-database.js","firestore":"https://www.gstatic.com/firebasejs/8.6.5/firebase-firestore.js","functions":"https://www.gstatic.com/firebasejs/8.6.5/firebase-functions.js","installations":"https://www.gstatic.com/firebasejs/8.6.5/firebase-installations.js","messaging":"https://www.gstatic.com/firebasejs/8.6.5/firebase-messaging.js","storage":"https://www.gstatic.com/firebasejs/8.6.5/firebase-storage.js","performance":"https://www.gstatic.com/firebasejs/8.6.5/firebase-performance.js","remote-config":"https://www.gstatic.com/firebasejs/8.6.5/firebase-remote-config.js","firestore.memory":"https://www.gstatic.com/firebasejs/8.6.5/firebase-firestore.memory.js"}}
[info] ✔  Wrote build/index.html 
[info] 
[info] i  Detected a .git folder at /Users/jamesciskanik/todoApp-functions/view 
[info] i  Authorizing with GitHub to upload your service account to a GitHub repository's secrets store. 
[info] 
[info] Visit this URL on this device to log in:
[info] https://github.com/login/oauth/authorize?client_id=89cf50f02ac6aaed3484&state=194564574&redirect_uri=http%3A%2F%2Flocalhost%3A9005&scope=read%3Auser%20repo%20public_repo
[info] 
[info] Waiting for authentication...
[debug] [2021-06-05T04:21:42.948Z] >>> HTTP REQUEST POST https://github.com/login/oauth/access_token  
 {"client_id":"89cf50f02ac6aaed3484","client_secret":"3330d14abc895d9a74d5f17cd7a00711fa2c5bf0","code":"0c50dd9436ef1a963bef","redirect_uri":"http://localhost:9005","state":"194564574"}
[debug] [2021-06-05T04:21:43.075Z] <<< HTTP RESPONSE 200 {"server":"GitHub.com","date":"Sat, 05 Jun 2021 04:21:43 GMT","content-type":"application/json; charset=utf-8","transfer-encoding":"chunked","vary":"X-PJAX, Accept-Encoding, Accept, X-Requested-With","permissions-policy":"interest-cohort=()","etag":"W/\"9d8661949d012c7026e829c95aedb91b\"","cache-control":"max-age=0, private, must-revalidate","strict-transport-security":"max-age=31536000; includeSubdomains; preload","x-frame-options":"deny","x-content-type-options":"nosniff","x-xss-protection":"0","referrer-policy":"origin-when-cross-origin, strict-origin-when-cross-origin","expect-ct":"max-age=2592000, report-uri=\"https://api.github.com/_private/browser/errors\"","content-security-policy":"default-src 'none'; base-uri 'self'; block-all-mixed-content; connect-src 'self' uploads.github.com www.githubstatus.com collector.githubapp.com api.github.com github-cloud.s3.amazonaws.com github-production-repository-file-5c1aeb.s3.amazonaws.com github-production-upload-manifest-file-7fdce7.s3.amazonaws.com github-production-user-asset-6210df.s3.amazonaws.com html-translator.herokuapp.com cdn.optimizely.com logx.optimizely.com/v1/events wss://alive.github.com; font-src github.githubassets.com; form-action 'self' github.com gist.github.com; frame-ancestors 'none'; frame-src render.githubusercontent.com; img-src 'self' data: github.githubassets.com identicons.github.com collector.githubapp.com github-cloud.s3.amazonaws.com secured-user-images.githubusercontent.com/ *.githubusercontent.com; manifest-src 'self'; media-src 'none'; script-src github.githubassets.com; style-src 'unsafe-inline' github.githubassets.com; worker-src github.com/socket-worker-3f088aa2.js gist.github.com/socket-worker-3f088aa2.js","x-github-request-id":"C98B:1DBD:1ED5150:2BC8AA2:60BAFBD6"}
[debug] [2021-06-05T04:21:43.080Z] >>> [apiv2][query] GET https://api.github.com/user [none]
[debug] [2021-06-05T04:21:43.231Z] <<< [apiv2][status] GET https://api.github.com/user 200
[debug] [2021-06-05T04:21:43.231Z] <<< [apiv2][body] GET https://api.github.com/user {"login":"JamesTheLessFC","id":68306835,"node_id":"MDQ6VXNlcjY4MzA2ODM1","avatar_url":"https://avatars.githubusercontent.com/u/68306835?v=4","gravatar_id":"","url":"https://api.github.com/users/JamesTheLessFC","html_url":"https://github.com/JamesTheLessFC","followers_url":"https://api.github.com/users/JamesTheLessFC/followers","following_url":"https://api.github.com/users/JamesTheLessFC/following{/other_user}","gists_url":"https://api.github.com/users/JamesTheLessFC/gists{/gist_id}","starred_url":"https://api.github.com/users/JamesTheLessFC/starred{/owner}{/repo}","subscriptions_url":"https://api.github.com/users/JamesTheLessFC/subscriptions","organizations_url":"https://api.github.com/users/JamesTheLessFC/orgs","repos_url":"https://api.github.com/users/JamesTheLessFC/repos","events_url":"https://api.github.com/users/JamesTheLessFC/events{/privacy}","received_events_url":"https://api.github.com/users/JamesTheLessFC/received_events","type":"User","site_admin":false,"name":"James F. Ciskanik","company":null,"blog":"","location":"Falls Church, Virginia, USA","email":null,"hireable":null,"bio":null,"twitter_username":null,"public_repos":17,"public_gists":0,"followers":0,"following":0,"created_at":"2020-07-14T23:47:12Z","updated_at":"2021-06-05T04:21:42Z","private_gists":0,"total_private_repos":0,"owned_private_repos":0,"disk_usage":38672,"collaborators":0,"two_factor_authentication":false,"plan":{"name":"free","space":976562499,"collaborators":0,"private_repos":10000}}
[info] 
[info] ✔  Success! Logged into GitHub as JamesTheLessFC 
[info] 
